[27-Apr-2019 23:22:23 UTC] PHP Fatal error:  Uncaught exception 'PDOException' with message 'SQLSTATE[HY000] [1049] Unknown database 'lab8'' in /home/ubuntu/workspace/w/Labs/lab8/dbConnection.php:9
Stack trace:
#0 /home/ubuntu/workspace/w/Labs/lab8/dbConnection.php(9): PDO->__construct('mysql:host=loca...', 'root', '')
#1 /home/ubuntu/workspace/w/Labs/lab8/api/api.php(4): getDatabaseConnection('lab8')
#2 {main}
  thrown in /home/ubuntu/workspace/w/Labs/lab8/dbConnection.php on line 9
[27-Apr-2019 23:22:25 UTC] PHP Fatal error:  Uncaught exception 'PDOException' with message 'SQLSTATE[HY000] [1049] Unknown database 'lab8'' in /home/ubuntu/workspace/w/Labs/lab8/dbConnection.php:9
Stack trace:
#0 /home/ubuntu/workspace/w/Labs/lab8/dbConnection.php(9): PDO->__construct('mysql:host=loca...', 'root', '')
#1 /home/ubuntu/workspace/w/Labs/lab8/api/api.php(4): getDatabaseConnection('lab8')
#2 {main}
  thrown in /home/ubuntu/workspace/w/Labs/lab8/dbConnection.php on line 9
[27-Apr-2019 23:22:26 UTC] PHP Fatal error:  Uncaught exception 'PDOException' with message 'SQLSTATE[HY000] [1049] Unknown database 'lab8'' in /home/ubuntu/workspace/w/Labs/lab8/dbConnection.php:9
Stack trace:
#0 /home/ubuntu/workspace/w/Labs/lab8/dbConnection.php(9): PDO->__construct('mysql:host=loca...', 'root', '')
#1 /home/ubuntu/workspace/w/Labs/lab8/api/api.php(4): getDatabaseConnection('lab8')
#2 {main}
  thrown in /home/ubuntu/workspace/w/Labs/lab8/dbConnection.php on line 9
[27-Apr-2019 23:22:27 UTC] PHP Fatal error:  Uncaught exception 'PDOException' with message 'SQLSTATE[HY000] [1049] Unknown database 'lab8'' in /home/ubuntu/workspace/w/Labs/lab8/dbConnection.php:9
Stack trace:
#0 /home/ubuntu/workspace/w/Labs/lab8/dbConnection.php(9): PDO->__construct('mysql:host=loca...', 'root', '')
#1 /home/ubuntu/workspace/w/Labs/lab8/api/api.php(4): getDatabaseConnection('lab8')
#2 {main}
  thrown in /home/ubuntu/workspace/w/Labs/lab8/dbConnection.php on line 9
[27-Apr-2019 23:22:29 UTC] PHP Fatal error:  Uncaught exception 'PDOException' with message 'SQLSTATE[HY000] [1049] Unknown database 'lab8'' in /home/ubuntu/workspace/w/Labs/lab8/dbConnection.php:9
Stack trace:
#0 /home/ubuntu/workspace/w/Labs/lab8/dbConnection.php(9): PDO->__construct('mysql:host=loca...', 'root', '')
#1 /home/ubuntu/workspace/w/Labs/lab8/api/api.php(4): getDatabaseConnection('lab8')
#2 {main}
  thrown in /home/ubuntu/workspace/w/Labs/lab8/dbConnection.php on line 9
[27-Apr-2019 23:22:30 UTC] PHP Fatal error:  Uncaught exception 'PDOException' with message 'SQLSTATE[HY000] [1049] Unknown database 'lab8'' in /home/ubuntu/workspace/w/Labs/lab8/dbConnection.php:9
Stack trace:
#0 /home/ubuntu/workspace/w/Labs/lab8/dbConnection.php(9): PDO->__construct('mysql:host=loca...', 'root', '')
#1 /home/ubuntu/workspace/w/Labs/lab8/api/api.php(4): getDatabaseConnection('lab8')
#2 {main}
  thrown in /home/ubuntu/workspace/w/Labs/lab8/dbConnection.php on line 9
[27-Apr-2019 23:22:31 UTC] PHP Fatal error:  Uncaught exception 'PDOException' with message 'SQLSTATE[HY000] [1049] Unknown database 'lab8'' in /home/ubuntu/workspace/w/Labs/lab8/dbConnection.php:9
Stack trace:
#0 /home/ubuntu/workspace/w/Labs/lab8/dbConnection.php(9): PDO->__construct('mysql:host=loca...', 'root', '')
#1 /home/ubuntu/workspace/w/Labs/lab8/api/api.php(4): getDatabaseConnection('lab8')
#2 {main}
  thrown in /home/ubuntu/workspace/w/Labs/lab8/dbConnection.php on line 9
[27-Apr-2019 23:22:32 UTC] PHP Fatal error:  Uncaught exception 'PDOException' with message 'SQLSTATE[HY000] [1049] Unknown database 'lab8'' in /home/ubuntu/workspace/w/Labs/lab8/dbConnection.php:9
Stack trace:
#0 /home/ubuntu/workspace/w/Labs/lab8/dbConnection.php(9): PDO->__construct('mysql:host=loca...', 'root', '')
#1 /home/ubuntu/workspace/w/Labs/lab8/api/api.php(4): getDatabaseConnection('lab8')
#2 {main}
  thrown in /home/ubuntu/workspace/w/Labs/lab8/dbConnection.php on line 9
[27-Apr-2019 23:22:43 UTC] PHP Fatal error:  Uncaught exception 'PDOException' with message 'SQLSTATE[HY000] [1049] Unknown database 'lab8'' in /home/ubuntu/workspace/w/Labs/lab8/dbConnection.php:9
Stack trace:
#0 /home/ubuntu/workspace/w/Labs/lab8/dbConnection.php(9): PDO->__construct('mysql:host=loca...', 'root', '')
#1 /home/ubuntu/workspace/w/Labs/lab8/api/api.php(4): getDatabaseConnection('lab8')
#2 {main}
  thrown in /home/ubuntu/workspace/w/Labs/lab8/dbConnection.php on line 9
[27-Apr-2019 23:22:44 UTC] PHP Fatal error:  Uncaught exception 'PDOException' with message 'SQLSTATE[HY000] [1049] Unknown database 'lab8'' in /home/ubuntu/workspace/w/Labs/lab8/dbConnection.php:9
Stack trace:
#0 /home/ubuntu/workspace/w/Labs/lab8/dbConnection.php(9): PDO->__construct('mysql:host=loca...', 'root', '')
#1 /home/ubuntu/workspace/w/Labs/lab8/api/api.php(4): getDatabaseConnection('lab8')
#2 {main}
  thrown in /home/ubuntu/workspace/w/Labs/lab8/dbConnection.php on line 9
[27-Apr-2019 23:22:45 UTC] PHP Fatal error:  Uncaught exception 'PDOException' with message 'SQLSTATE[HY000] [1049] Unknown database 'lab8'' in /home/ubuntu/workspace/w/Labs/lab8/dbConnection.php:9
Stack trace:
#0 /home/ubuntu/workspace/w/Labs/lab8/dbConnection.php(9): PDO->__construct('mysql:host=loca...', 'root', '')
#1 /home/ubuntu/workspace/w/Labs/lab8/api/api.php(4): getDatabaseConnection('lab8')
#2 {main}
  thrown in /home/ubuntu/workspace/w/Labs/lab8/dbConnection.php on line 9
[27-Apr-2019 23:22:51 UTC] PHP Fatal error:  Uncaught exception 'PDOException' with message 'SQLSTATE[HY000] [1049] Unknown database 'lab8'' in /home/ubuntu/workspace/w/Labs/lab8/dbConnection.php:9
Stack trace:
#0 /home/ubuntu/workspace/w/Labs/lab8/dbConnection.php(9): PDO->__construct('mysql:host=loca...', 'root', '')
#1 /home/ubuntu/workspace/w/Labs/lab8/api/api.php(4): getDatabaseConnection('lab8')
#2 {main}
  thrown in /home/ubuntu/workspace/w/Labs/lab8/dbConnection.php on line 9
[27-Apr-2019 23:22:57 UTC] PHP Fatal error:  Uncaught exception 'PDOException' with message 'SQLSTATE[HY000] [1049] Unknown database 'lab8'' in /home/ubuntu/workspace/w/Labs/lab8/dbConnection.php:9
Stack trace:
#0 /home/ubuntu/workspace/w/Labs/lab8/dbConnection.php(9): PDO->__construct('mysql:host=loca...', 'root', '')
#1 /home/ubuntu/workspace/w/Labs/lab8/api/api.php(4): getDatabaseConnection('lab8')
#2 {main}
  thrown in /home/ubuntu/workspace/w/Labs/lab8/dbConnection.php on line 9
[27-Apr-2019 23:23:00 UTC] PHP Fatal error:  Uncaught exception 'PDOException' with message 'SQLSTATE[HY000] [1049] Unknown database 'lab8'' in /home/ubuntu/workspace/w/Labs/lab8/dbConnection.php:9
Stack trace:
#0 /home/ubuntu/workspace/w/Labs/lab8/dbConnection.php(9): PDO->__construct('mysql:host=loca...', 'root', '')
#1 /home/ubuntu/workspace/w/Labs/lab8/api/api.php(4): getDatabaseConnection('lab8')
#2 {main}
  thrown in /home/ubuntu/workspace/w/Labs/lab8/dbConnection.php on line 9
[27-Apr-2019 23:24:23 UTC] PHP Fatal error:  Uncaught exception 'PDOException' with message 'SQLSTATE[HY000] [1049] Unknown database 'lab8'' in /home/ubuntu/workspace/w/Labs/lab8/dbConnection.php:9
Stack trace:
#0 /home/ubuntu/workspace/w/Labs/lab8/dbConnection.php(9): PDO->__construct('mysql:host=loca...', 'root', '')
#1 /home/ubuntu/workspace/w/Labs/lab8/api/api.php(4): getDatabaseConnection('lab8')
#2 {main}
  thrown in /home/ubuntu/workspace/w/Labs/lab8/dbConnection.php on line 9
[27-Apr-2019 23:24:23 UTC] PHP Fatal error:  Uncaught exception 'PDOException' with message 'SQLSTATE[HY000] [1049] Unknown database 'lab8'' in /home/ubuntu/workspace/w/Labs/lab8/dbConnection.php:9
Stack trace:
#0 /home/ubuntu/workspace/w/Labs/lab8/dbConnection.php(9): PDO->__construct('mysql:host=loca...', 'root', '')
#1 /home/ubuntu/workspace/w/Labs/lab8/api/api.php(4): getDatabaseConnection('lab8')
#2 {main}
  thrown in /home/ubuntu/workspace/w/Labs/lab8/dbConnection.php on line 9
[27-Apr-2019 23:24:29 UTC] PHP Fatal error:  Uncaught exception 'PDOException' with message 'SQLSTATE[HY000] [1049] Unknown database 'lab8'' in /home/ubuntu/workspace/w/Labs/lab8/dbConnection.php:9
Stack trace:
#0 /home/ubuntu/workspace/w/Labs/lab8/dbConnection.php(9): PDO->__construct('mysql:host=loca...', 'root', '')
#1 /home/ubuntu/workspace/w/Labs/lab8/api/api.php(4): getDatabaseConnection('lab8')
#2 {main}
  thrown in /home/ubuntu/workspace/w/Labs/lab8/dbConnection.php on line 9
[27-Apr-2019 23:24:30 UTC] PHP Fatal error:  Uncaught exception 'PDOException' with message 'SQLSTATE[HY000] [1049] Unknown database 'lab8'' in /home/ubuntu/workspace/w/Labs/lab8/dbConnection.php:9
Stack trace:
#0 /home/ubuntu/workspace/w/Labs/lab8/dbConnection.php(9): PDO->__construct('mysql:host=loca...', 'root', '')
#1 /home/ubuntu/workspace/w/Labs/lab8/api/api.php(4): getDatabaseConnection('lab8')
#2 {main}
  thrown in /home/ubuntu/workspace/w/Labs/lab8/dbConnection.php on line 9
[27-Apr-2019 23:24:31 UTC] PHP Fatal error:  Uncaught exception 'PDOException' with message 'SQLSTATE[HY000] [1049] Unknown database 'lab8'' in /home/ubuntu/workspace/w/Labs/lab8/dbConnection.php:9
Stack trace:
#0 /home/ubuntu/workspace/w/Labs/lab8/dbConnection.php(9): PDO->__construct('mysql:host=loca...', 'root', '')
#1 /home/ubuntu/workspace/w/Labs/lab8/api/api.php(4): getDatabaseConnection('lab8')
#2 {main}
  thrown in /home/ubuntu/workspace/w/Labs/lab8/dbConnection.php on line 9
[27-Apr-2019 23:25:35 UTC] PHP Fatal error:  Uncaught exception 'PDOException' with message 'SQLSTATE[HY000] [1049] Unknown database 'lab8'' in /home/ubuntu/workspace/w/Labs/lab8/dbConnection.php:9
Stack trace:
#0 /home/ubuntu/workspace/w/Labs/lab8/dbConnection.php(9): PDO->__construct('mysql:host=loca...', 'root', '')
#1 /home/ubuntu/workspace/w/Labs/lab8/api/api.php(4): getDatabaseConnection('lab8')
#2 {main}
  thrown in /home/ubuntu/workspace/w/Labs/lab8/dbConnection.php on line 9
[27-Apr-2019 23:25:36 UTC] PHP Fatal error:  Uncaught exception 'PDOException' with message 'SQLSTATE[HY000] [1049] Unknown database 'lab8'' in /home/ubuntu/workspace/w/Labs/lab8/dbConnection.php:9
Stack trace:
#0 /home/ubuntu/workspace/w/Labs/lab8/dbConnection.php(9): PDO->__construct('mysql:host=loca...', 'root', '')
#1 /home/ubuntu/workspace/w/Labs/lab8/api/api.php(4): getDatabaseConnection('lab8')
#2 {main}
  thrown in /home/ubuntu/workspace/w/Labs/lab8/dbConnection.php on line 9
[27-Apr-2019 23:25:39 UTC] PHP Fatal error:  Uncaught exception 'PDOException' with message 'SQLSTATE[HY000] [1049] Unknown database 'lab8'' in /home/ubuntu/workspace/w/Labs/lab8/dbConnection.php:9
Stack trace:
#0 /home/ubuntu/workspace/w/Labs/lab8/dbConnection.php(9): PDO->__construct('mysql:host=loca...', 'root', '')
#1 /home/ubuntu/workspace/w/Labs/lab8/api/api.php(4): getDatabaseConnection('lab8')
#2 {main}
  thrown in /home/ubuntu/workspace/w/Labs/lab8/dbConnection.php on line 9
[28-Apr-2019 22:40:50 UTC] PHP Fatal error:  Uncaught exception 'PDOException' with message 'SQLSTATE[HY000]: General error' in /home/ubuntu/workspace/w/Labs/lab8/api/api.php:20
Stack trace:
#0 /home/ubuntu/workspace/w/Labs/lab8/api/api.php(20): PDOStatement->fetchAll(2)
#1 {main}
  thrown in /home/ubuntu/workspace/w/Labs/lab8/api/api.php on line 20
[28-Apr-2019 22:40:52 UTC] PHP Fatal error:  Uncaught exception 'PDOException' with message 'SQLSTATE[HY000]: General error' in /home/ubuntu/workspace/w/Labs/lab8/api/api.php:20
Stack trace:
#0 /home/ubuntu/workspace/w/Labs/lab8/api/api.php(20): PDOStatement->fetchAll(2)
#1 {main}
  thrown in /home/ubuntu/workspace/w/Labs/lab8/api/api.php on line 20
[28-Apr-2019 22:40:54 UTC] PHP Fatal error:  Uncaught exception 'PDOException' with message 'SQLSTATE[HY000]: General error' in /home/ubuntu/workspace/w/Labs/lab8/api/api.php:20
Stack trace:
#0 /home/ubuntu/workspace/w/Labs/lab8/api/api.php(20): PDOStatement->fetchAll(2)
#1 {main}
  thrown in /home/ubuntu/workspace/w/Labs/lab8/api/api.php on line 20
[28-Apr-2019 22:43:26 UTC] PHP Fatal error:  Uncaught exception 'PDOException' with message 'SQLSTATE[HY000]: General error' in /home/ubuntu/workspace/w/Labs/lab8/api/api.php:20
Stack trace:
#0 /home/ubuntu/workspace/w/Labs/lab8/api/api.php(20): PDOStatement->fetchAll(2)
#1 {main}
  thrown in /home/ubuntu/workspace/w/Labs/lab8/api/api.php on line 20
[28-Apr-2019 22:43:26 UTC] PHP Fatal error:  Uncaught exception 'PDOException' with message 'SQLSTATE[HY000]: General error' in /home/ubuntu/workspace/w/Labs/lab8/api/api.php:20
Stack trace:
#0 /home/ubuntu/workspace/w/Labs/lab8/api/api.php(20): PDOStatement->fetchAll(2)
#1 {main}
  thrown in /home/ubuntu/workspace/w/Labs/lab8/api/api.php on line 20
[28-Apr-2019 22:43:27 UTC] PHP Fatal error:  Uncaught exception 'PDOException' with message 'SQLSTATE[HY000]: General error' in /home/ubuntu/workspace/w/Labs/lab8/api/api.php:20
Stack trace:
#0 /home/ubuntu/workspace/w/Labs/lab8/api/api.php(20): PDOStatement->fetchAll(2)
#1 {main}
  thrown in /home/ubuntu/workspace/w/Labs/lab8/api/api.php on line 20
[28-Apr-2019 22:43:29 UTC] PHP Fatal error:  Uncaught exception 'PDOException' with message 'SQLSTATE[HY000]: General error' in /home/ubuntu/workspace/w/Labs/lab8/api/api.php:20
Stack trace:
#0 /home/ubuntu/workspace/w/Labs/lab8/api/api.php(20): PDOStatement->fetchAll(2)
#1 {main}
  thrown in /home/ubuntu/workspace/w/Labs/lab8/api/api.php on line 20
[28-Apr-2019 22:43:59 UTC] PHP Fatal error:  Uncaught exception 'PDOException' with message 'SQLSTATE[HY000]: General error' in /home/ubuntu/workspace/w/Labs/lab8/api/api.php:20
Stack trace:
#0 /home/ubuntu/workspace/w/Labs/lab8/api/api.php(20): PDOStatement->fetchAll(2)
#1 {main}
  thrown in /home/ubuntu/workspace/w/Labs/lab8/api/api.php on line 20
[28-Apr-2019 22:44:03 UTC] PHP Fatal error:  Uncaught exception 'PDOException' with message 'SQLSTATE[HY000]: General error' in /home/ubuntu/workspace/w/Labs/lab8/api/api.php:20
Stack trace:
#0 /home/ubuntu/workspace/w/Labs/lab8/api/api.php(20): PDOStatement->fetchAll(2)
#1 {main}
  thrown in /home/ubuntu/workspace/w/Labs/lab8/api/api.php on line 20
[28-Apr-2019 22:44:04 UTC] PHP Fatal error:  Uncaught exception 'PDOException' with message 'SQLSTATE[HY000]: General error' in /home/ubuntu/workspace/w/Labs/lab8/api/api.php:20
Stack trace:
#0 /home/ubuntu/workspace/w/Labs/lab8/api/api.php(20): PDOStatement->fetchAll(2)
#1 {main}
  thrown in /home/ubuntu/workspace/w/Labs/lab8/api/api.php on line 20
[28-Apr-2019 22:44:05 UTC] PHP Fatal error:  Uncaught exception 'PDOException' with message 'SQLSTATE[HY000]: General error' in /home/ubuntu/workspace/w/Labs/lab8/api/api.php:20
Stack trace:
#0 /home/ubuntu/workspace/w/Labs/lab8/api/api.php(20): PDOStatement->fetchAll(2)
#1 {main}
  thrown in /home/ubuntu/workspace/w/Labs/lab8/api/api.php on line 20
[28-Apr-2019 22:44:06 UTC] PHP Fatal error:  Uncaught exception 'PDOException' with message 'SQLSTATE[HY000]: General error' in /home/ubuntu/workspace/w/Labs/lab8/api/api.php:20
Stack trace:
#0 /home/ubuntu/workspace/w/Labs/lab8/api/api.php(20): PDOStatement->fetchAll(2)
#1 {main}
  thrown in /home/ubuntu/workspace/w/Labs/lab8/api/api.php on line 20
[28-Apr-2019 22:44:07 UTC] PHP Fatal error:  Uncaught exception 'PDOException' with message 'SQLSTATE[HY000]: General error' in /home/ubuntu/workspace/w/Labs/lab8/api/api.php:20
Stack trace:
#0 /home/ubuntu/workspace/w/Labs/lab8/api/api.php(20): PDOStatement->fetchAll(2)
#1 {main}
  thrown in /home/ubuntu/workspace/w/Labs/lab8/api/api.php on line 20
[28-Apr-2019 22:44:07 UTC] PHP Fatal error:  Uncaught exception 'PDOException' with message 'SQLSTATE[HY000]: General error' in /home/ubuntu/workspace/w/Labs/lab8/api/api.php:20
Stack trace:
#0 /home/ubuntu/workspace/w/Labs/lab8/api/api.php(20): PDOStatement->fetchAll(2)
#1 {main}
  thrown in /home/ubuntu/workspace/w/Labs/lab8/api/api.php on line 20
[28-Apr-2019 22:44:09 UTC] PHP Fatal error:  Uncaught exception 'PDOException' with message 'SQLSTATE[HY000]: General error' in /home/ubuntu/workspace/w/Labs/lab8/api/api.php:20
Stack trace:
#0 /home/ubuntu/workspace/w/Labs/lab8/api/api.php(20): PDOStatement->fetchAll(2)
#1 {main}
  thrown in /home/ubuntu/workspace/w/Labs/lab8/api/api.php on line 20
[28-Apr-2019 22:44:10 UTC] PHP Fatal error:  Uncaught exception 'PDOException' with message 'SQLSTATE[HY000]: General error' in /home/ubuntu/workspace/w/Labs/lab8/api/api.php:20
Stack trace:
#0 /home/ubuntu/workspace/w/Labs/lab8/api/api.php(20): PDOStatement->fetchAll(2)
#1 {main}
  thrown in /home/ubuntu/workspace/w/Labs/lab8/api/api.php on line 20
